[debug] [2021-05-27T22:04:25.063Z] ----------------------------------------------------------------------
[debug] [2021-05-27T22:04:25.064Z] Command:       /home/wes3295/.nvm/versions/node/v14.11.0/bin/node /home/wes3295/.nvm/versions/node/v14.11.0/bin/firebase emulators:start
[debug] [2021-05-27T22:04:25.065Z] CLI Version:   9.11.0
[debug] [2021-05-27T22:04:25.065Z] Platform:      linux
[debug] [2021-05-27T22:04:25.065Z] Node Version:  v14.11.0
[debug] [2021-05-27T22:04:25.065Z] Time:          Thu May 27 2021 15:04:25 GMT-0700 (Mountain Standard Time)
[debug] [2021-05-27T22:04:25.065Z] ----------------------------------------------------------------------
[debug] 
[debug] [2021-05-27T22:04:25.068Z] > command requires scopes: ["email","openid","https://www.googleapis.com/auth/cloudplatformprojects.readonly","https://www.googleapis.com/auth/firebase","https://www.googleapis.com/auth/cloud-platform"]
[debug] [2021-05-27T22:04:25.069Z] > authorizing via signed-in user (wesley3295@gmail.com)
[info] i  emulators: Starting emulators: functions, hosting {"metadata":{"emulator":{"name":"hub"},"message":"Starting emulators: functions, hosting"}}
[debug] [2021-05-27T22:04:25.080Z] [hub] writing locator at /tmp/hub-clone-22f24.json
[warn] ⚠  functions: The following emulators are not running, calls to these services from the Functions emulator will affect production: auth, firestore, database, pubsub, storage {"metadata":{"emulator":{"name":"functions"},"message":"The following emulators are not running, calls to these services from the Functions emulator will affect production: \u001b[1mauth, firestore, database, pubsub, storage\u001b[22m"}}
[warn] ⚠  Your requested "node" version "12" doesn't match your global version "14" {"metadata":{"emulator":{"name":"functions"},"message":"Your requested \"node\" version \"12\" doesn't match your global version \"14\""}}
[debug] [2021-05-27T22:04:25.106Z] defaultcredentials: writing to file /home/wes3295/.config/firebase/wesley3295_gmail_com_application_default_credentials.json
[debug] [2021-05-27T22:04:25.108Z] Setting GAC to /home/wes3295/.config/firebase/wesley3295_gmail_com_application_default_credentials.json {"metadata":{"emulator":{"name":"functions"},"message":"Setting GAC to /home/wes3295/.config/firebase/wesley3295_gmail_com_application_default_credentials.json"}}
[debug] [2021-05-27T22:04:25.110Z] > refreshing access token with scopes: []
[debug] [2021-05-27T22:04:25.110Z] >>> HTTP REQUEST POST https://www.googleapis.com/oauth2/v3/token  
 <request body omitted>
[debug] [2021-05-27T22:04:25.250Z] <<< HTTP RESPONSE 200 {"date":"Thu, 27 May 2021 22:04:25 GMT","pragma":"no-cache","cache-control":"no-cache, no-store, max-age=0, must-revalidate","expires":"Mon, 01 Jan 1990 00:00:00 GMT","content-type":"application/json; charset=utf-8","vary":"X-Origin, Referer, Origin,Accept-Encoding","server":"scaffolding on HTTPServer2","x-xss-protection":"0","x-frame-options":"SAMEORIGIN","x-content-type-options":"nosniff","alt-svc":"h3-29=\":443\"; ma=2592000,h3-T051=\":443\"; ma=2592000,h3-Q050=\":443\"; ma=2592000,h3-Q046=\":443\"; ma=2592000,h3-Q043=\":443\"; ma=2592000,quic=\":443\"; ma=2592000; v=\"46,43\"","accept-ranges":"none","transfer-encoding":"chunked"}
[debug] [2021-05-27T22:04:25.261Z] >>> [apiv2][query] GET https://firebase.googleapis.com/v1beta1/projects/clone-22f24/adminSdkConfig [none]
[debug] [2021-05-27T22:04:25.522Z] <<< [apiv2][status] GET https://firebase.googleapis.com/v1beta1/projects/clone-22f24/adminSdkConfig 200
[debug] [2021-05-27T22:04:25.522Z] <<< [apiv2][body] GET https://firebase.googleapis.com/v1beta1/projects/clone-22f24/adminSdkConfig {"projectId":"clone-22f24","storageBucket":"clone-22f24.appspot.com","locationId":"us-central"}
[debug] [2021-05-27T22:04:25.531Z] >>> [apiv2][query] GET https://firebasehosting.googleapis.com/v1beta1/projects/clone-22f24/sites 
[debug] [2021-05-27T22:04:26.052Z] <<< [apiv2][status] GET https://firebasehosting.googleapis.com/v1beta1/projects/clone-22f24/sites 200
[debug] [2021-05-27T22:04:26.052Z] <<< [apiv2][body] GET https://firebasehosting.googleapis.com/v1beta1/projects/clone-22f24/sites {"sites":[{"name":"projects/800743443489/sites/clone-22f24","defaultUrl":"https://clone-22f24.web.app","type":"DEFAULT_SITE"}]}
[debug] [2021-05-27T22:04:26.052Z] >>> [apiv2][query] GET https://firebase.googleapis.com/v1beta1/projects/clone-22f24/webApps/-/config [none]
[debug] [2021-05-27T22:04:26.454Z] <<< [apiv2][status] GET https://firebase.googleapis.com/v1beta1/projects/clone-22f24/webApps/-/config 200
[debug] [2021-05-27T22:04:26.454Z] <<< [apiv2][body] GET https://firebase.googleapis.com/v1beta1/projects/clone-22f24/webApps/-/config {"projectId":"clone-22f24","storageBucket":"clone-22f24.appspot.com","locationId":"us-central","apiKey":"AIzaSyCep1PCQZO6WbthgKKen3aT96EKxVuXGF0","authDomain":"clone-22f24.firebaseapp.com","messagingSenderId":"800743443489"}
[info] i  hosting: Serving hosting files from: build {"metadata":{"emulator":{"name":"hosting"},"message":"Serving hosting files from: \u001b[1mbuild\u001b[22m"}}
[info] ✔  hosting: Local server: http://127.0.0.1:5000 {"metadata":{"emulator":{"name":"hosting"},"message":"Local server: \u001b[4m\u001b[1mhttp://127.0.0.1:5000\u001b[22m\u001b[24m"}}
[debug] [2021-05-27T22:04:26.477Z] Ignoring unsupported arg: auto_download {"metadata":{"emulator":{"name":"ui"},"message":"Ignoring unsupported arg: auto_download"}}
[debug] [2021-05-27T22:04:26.477Z] Ignoring unsupported arg: port {"metadata":{"emulator":{"name":"ui"},"message":"Ignoring unsupported arg: port"}}
[debug] [2021-05-27T22:04:26.477Z] Starting Emulator UI with command {"binary":"node","args":["/home/wes3295/.cache/firebase/emulators/ui-v1.5.0/server.bundle.js"],"optionalArgs":[],"joinArgs":false} {"metadata":{"emulator":{"name":"ui"},"message":"Starting Emulator UI with command {\"binary\":\"node\",\"args\":[\"/home/wes3295/.cache/firebase/emulators/ui-v1.5.0/server.bundle.js\"],\"optionalArgs\":[],\"joinArgs\":false}"}}
[info] i  ui: Emulator UI logging to ui-debug.log {"metadata":{"emulator":{"name":"ui"},"message":"Emulator UI logging to \u001b[1mui-debug.log\u001b[22m"}}
[debug] [2021-05-27T22:04:26.535Z] Web / API server started at http://127.0.0.1:4000
 {"metadata":{"emulator":{"name":"ui"},"message":"Web / API server started at http://127.0.0.1:4000\n"}}
[info] i  functions: Watching "/home/wes3295/Development/code/projects/amazon-clone/amazon-clone/functions" for Cloud Functions... {"metadata":{"emulator":{"name":"functions"},"message":"Watching \"/home/wes3295/Development/code/projects/amazon-clone/amazon-clone/functions\" for Cloud Functions..."}}
[debug] [2021-05-27T22:04:26.750Z] [worker-pool] addWorker(~diagnostic~) {"metadata":{"emulator":{"name":"functions"},"message":"[worker-pool] addWorker(~diagnostic~)"}}
[debug] [2021-05-27T22:04:26.750Z] [worker-pool] Adding worker with key ~diagnostic~, total=1 {"metadata":{"emulator":{"name":"functions"},"message":"[worker-pool] Adding worker with key ~diagnostic~, total=1"}}
[debug] [2021-05-27T22:04:26.750Z] [worker-pool] submitWork(triggerId=) {"metadata":{"emulator":{"name":"functions"},"message":"[worker-pool] submitWork(triggerId=)"}}
[debug] [2021-05-27T22:04:26.750Z] [worker-~diagnostic~-449ef5b5-8509-462d-b805-0a557908cbd7]: Assigning socketPath: /tmp/fire_emu_26817.sock {"metadata":{"emulator":{"name":"functions"},"message":"[worker-~diagnostic~-449ef5b5-8509-462d-b805-0a557908cbd7]: Assigning socketPath: /tmp/fire_emu_26817.sock"}}
[debug] [2021-05-27T22:04:26.751Z] [worker-~diagnostic~-449ef5b5-8509-462d-b805-0a557908cbd7]: BUSY {"metadata":{"emulator":{"name":"functions"},"message":"[worker-~diagnostic~-449ef5b5-8509-462d-b805-0a557908cbd7]: BUSY"}}
[debug] [2021-05-27T22:04:26.829Z] [runtime-status] [26817] Functions runtime initialized. {"cwd":"/home/wes3295/Development/code/projects/amazon-clone/amazon-clone/functions","node_version":"14.11.0"} {"metadata":{"emulator":{"name":"functions"},"message":"[runtime-status] [26817] Functions runtime initialized. {\"cwd\":\"/home/wes3295/Development/code/projects/amazon-clone/amazon-clone/functions\",\"node_version\":\"14.11.0\"}"}}
[debug] [2021-05-27T22:04:26.829Z] [runtime-status] [26817] Disabled runtime features: undefined {"metadata":{"emulator":{"name":"functions"},"message":"[runtime-status] [26817] Disabled runtime features: undefined"}}
[debug] [2021-05-27T22:04:26.831Z] [runtime-status] [26817] Resolved module firebase-admin {"declared":true,"installed":true,"version":"9.8.0","resolution":"/home/wes3295/Development/code/projects/amazon-clone/amazon-clone/functions/node_modules/firebase-admin/lib/index.js"} {"metadata":{"emulator":{"name":"functions"},"message":"[runtime-status] [26817] Resolved module firebase-admin {\"declared\":true,\"installed\":true,\"version\":\"9.8.0\",\"resolution\":\"/home/wes3295/Development/code/projects/amazon-clone/amazon-clone/functions/node_modules/firebase-admin/lib/index.js\"}"}}
[debug] [2021-05-27T22:04:26.832Z] [runtime-status] [26817] Resolved module firebase-functions {"declared":true,"installed":true,"version":"3.14.1","resolution":"/home/wes3295/Development/code/projects/amazon-clone/amazon-clone/functions/node_modules/firebase-functions/lib/index.js"} {"metadata":{"emulator":{"name":"functions"},"message":"[runtime-status] [26817] Resolved module firebase-functions {\"declared\":true,\"installed\":true,\"version\":\"3.14.1\",\"resolution\":\"/home/wes3295/Development/code/projects/amazon-clone/amazon-clone/functions/node_modules/firebase-functions/lib/index.js\"}"}}
[debug] [2021-05-27T22:04:26.832Z] [runtime-status] [26817] Resolved module firebase-functions {"declared":true,"installed":true,"version":"3.14.1","resolution":"/home/wes3295/Development/code/projects/amazon-clone/amazon-clone/functions/node_modules/firebase-functions/lib/index.js"} {"metadata":{"emulator":{"name":"functions"},"message":"[runtime-status] [26817] Resolved module firebase-functions {\"declared\":true,\"installed\":true,\"version\":\"3.14.1\",\"resolution\":\"/home/wes3295/Development/code/projects/amazon-clone/amazon-clone/functions/node_modules/firebase-functions/lib/index.js\"}"}}
[debug] [2021-05-27T22:04:26.834Z] [runtime-status] [26817] Outgoing network have been stubbed. [{"name":"http","status":"mocked"},{"name":"http","status":"mocked"},{"name":"https","status":"mocked"},{"name":"https","status":"mocked"},{"name":"net","status":"mocked"}] {"metadata":{"emulator":{"name":"functions"},"message":"[runtime-status] [26817] Outgoing network have been stubbed. [{\"name\":\"http\",\"status\":\"mocked\"},{\"name\":\"http\",\"status\":\"mocked\"},{\"name\":\"https\",\"status\":\"mocked\"},{\"name\":\"https\",\"status\":\"mocked\"},{\"name\":\"net\",\"status\":\"mocked\"}]"}}
[debug] [2021-05-27T22:04:26.834Z] [runtime-status] [26817] Resolved module firebase-functions {"declared":true,"installed":true,"version":"3.14.1","resolution":"/home/wes3295/Development/code/projects/amazon-clone/amazon-clone/functions/node_modules/firebase-functions/lib/index.js"} {"metadata":{"emulator":{"name":"functions"},"message":"[runtime-status] [26817] Resolved module firebase-functions {\"declared\":true,\"installed\":true,\"version\":\"3.14.1\",\"resolution\":\"/home/wes3295/Development/code/projects/amazon-clone/amazon-clone/functions/node_modules/firebase-functions/lib/index.js\"}"}}
[debug] [2021-05-27T22:04:26.857Z] [runtime-status] [26817] Checked functions.config() {"config":{}} {"metadata":{"emulator":{"name":"functions"},"message":"[runtime-status] [26817] Checked functions.config() {\"config\":{}}"}}
[debug] [2021-05-27T22:04:26.857Z] [runtime-status] [26817] firebase-functions has been stubbed. {"functionsResolution":{"declared":true,"installed":true,"version":"3.14.1","resolution":"/home/wes3295/Development/code/projects/amazon-clone/amazon-clone/functions/node_modules/firebase-functions/lib/index.js"}} {"metadata":{"emulator":{"name":"functions"},"message":"[runtime-status] [26817] firebase-functions has been stubbed. {\"functionsResolution\":{\"declared\":true,\"installed\":true,\"version\":\"3.14.1\",\"resolution\":\"/home/wes3295/Development/code/projects/amazon-clone/amazon-clone/functions/node_modules/firebase-functions/lib/index.js\"}}"}}
[debug] [2021-05-27T22:04:26.857Z] [runtime-status] [26817] Resolved module firebase-functions {"declared":true,"installed":true,"version":"3.14.1","resolution":"/home/wes3295/Development/code/projects/amazon-clone/amazon-clone/functions/node_modules/firebase-functions/lib/index.js"} {"metadata":{"emulator":{"name":"functions"},"message":"[runtime-status] [26817] Resolved module firebase-functions {\"declared\":true,\"installed\":true,\"version\":\"3.14.1\",\"resolution\":\"/home/wes3295/Development/code/projects/amazon-clone/amazon-clone/functions/node_modules/firebase-functions/lib/index.js\"}"}}
[debug] [2021-05-27T22:04:26.859Z] [runtime-status] [26817] Resolved module firebase-admin {"declared":true,"installed":true,"version":"9.8.0","resolution":"/home/wes3295/Development/code/projects/amazon-clone/amazon-clone/functions/node_modules/firebase-admin/lib/index.js"} {"metadata":{"emulator":{"name":"functions"},"message":"[runtime-status] [26817] Resolved module firebase-admin {\"declared\":true,\"installed\":true,\"version\":\"9.8.0\",\"resolution\":\"/home/wes3295/Development/code/projects/amazon-clone/amazon-clone/functions/node_modules/firebase-admin/lib/index.js\"}"}}
[debug] [2021-05-27T22:04:26.859Z] [runtime-status] [26817] Resolved module firebase-functions {"declared":true,"installed":true,"version":"3.14.1","resolution":"/home/wes3295/Development/code/projects/amazon-clone/amazon-clone/functions/node_modules/firebase-functions/lib/index.js"} {"metadata":{"emulator":{"name":"functions"},"message":"[runtime-status] [26817] Resolved module firebase-functions {\"declared\":true,\"installed\":true,\"version\":\"3.14.1\",\"resolution\":\"/home/wes3295/Development/code/projects/amazon-clone/amazon-clone/functions/node_modules/firebase-functions/lib/index.js\"}"}}
[debug] [2021-05-27T22:04:26.859Z] [runtime-status] [26817] firebase-admin has been stubbed. {"adminResolution":{"declared":true,"installed":true,"version":"9.8.0","resolution":"/home/wes3295/Development/code/projects/amazon-clone/amazon-clone/functions/node_modules/firebase-admin/lib/index.js"}} {"metadata":{"emulator":{"name":"functions"},"message":"[runtime-status] [26817] firebase-admin has been stubbed. {\"adminResolution\":{\"declared\":true,\"installed\":true,\"version\":\"9.8.0\",\"resolution\":\"/home/wes3295/Development/code/projects/amazon-clone/amazon-clone/functions/node_modules/firebase-admin/lib/index.js\"}}"}}
[info] ✔  functions[api]: http function initialized (http://127.0.0.1:5001/clone-22f24/us-central1/api). {"metadata":{"emulator":{"name":"functions"},"message":"\u001b[1mhttp\u001b[22m function initialized (http://127.0.0.1:5001/clone-22f24/us-central1/api)."}}
[info] 
┌─────────────────────────────────────────────────────────────┐
│ ✔  All emulators ready! It is now safe to connect your app. │
│ i  View Emulator UI at http://127.0.0.1:4000                │
└─────────────────────────────────────────────────────────────┘

┌───────────┬────────────────┬─────────────────────────────────┐
│ Emulator  │ Host:Port      │ View in Emulator UI             │
├───────────┼────────────────┼─────────────────────────────────┤
│ Functions │ 127.0.0.1:5001 │ http://127.0.0.1:4000/functions │
├───────────┼────────────────┼─────────────────────────────────┤
│ Hosting   │ 127.0.0.1:5000 │ n/a                             │
└───────────┴────────────────┴─────────────────────────────────┘
  Emulator Hub running at 127.0.0.1:4400
  Other reserved ports: 4500

Issues? Report them at https://github.com/firebase/firebase-tools/issues and attach the *-debug.log files.
 
[debug] [2021-05-27T22:04:26.922Z] [worker-~diagnostic~-449ef5b5-8509-462d-b805-0a557908cbd7]: IDLE {"metadata":{"emulator":{"name":"functions"},"message":"[worker-~diagnostic~-449ef5b5-8509-462d-b805-0a557908cbd7]: IDLE"}}
